android/app/build/intermediates/manifest_merge_blame_file/debug/manifest-merger-blame-debug-report.txt
1<?xml version="1.0" encoding="utf-8"?>
2<manifest xmlns:android="http://schemas.android.com/apk/res/android"
3    package="com.linechart"
4    android:versionCode="1"
5    android:versionName="1.0" >
6
7    <uses-sdk
8        android:minSdkVersion="21"
9        android:targetSdkVersion="29" />
10
11    <uses-permission android:name="android.permission.SYSTEM_ALERT_WINDOW" />
11-->src/debug/AndroidManifest.xml:5:5-77
11-->src/debug/AndroidManifest.xml:5:22-75
12    <uses-permission android:name="android.permission.INTERNET" />
12-->src/main/AndroidManifest.xml:4:5-67
12-->src/main/AndroidManifest.xml:4:22-64
13    <uses-permission android:name="android.permission.WRITE_EXTERNAL_STORAGE" />
13-->src/main/AndroidManifest.xml:5:5-80
13-->src/main/AndroidManifest.xml:5:22-78
14    <uses-permission android:name="android.permission.ACCESS_WIFI_STATE" />
14-->[com.facebook.flipper:flipper:0.75.1] AndroidManifest.xml:16:5-76
14-->[com.facebook.flipper:flipper:0.75.1] AndroidManifest.xml:16:22-73
15    <uses-permission android:name="android.permission.WAKE_LOCK" />
15-->[:react-native-background-timer] AndroidManifest.xml:11:5-68
15-->[:react-native-background-timer] AndroidManifest.xml:11:22-65
16    <uses-permission android:name="android.permission.READ_EXTERNAL_STORAGE" />
17    <uses-permission android:name="android.permission.ACCESS_NETWORK_STATE" /> <!-- Required by older versions of Google Play services to create IID tokens -->
17-->[com.google.firebase:firebase-messaging:21.1.0] AndroidManifest.xml:22:5-79
17-->[com.google.firebase:firebase-messaging:21.1.0] AndroidManifest.xml:22:22-76
18    <uses-permission android:name="com.google.android.c2dm.permission.RECEIVE" /> <!-- for android -->
18-->[com.google.firebase:firebase-messaging:21.1.0] AndroidManifest.xml:25:5-82
18-->[com.google.firebase:firebase-messaging:21.1.0] AndroidManifest.xml:25:22-79
19    <!-- <uses-permission android:name="com.android.launcher.permission.READ_SETTINGS"/> -->
20    <!-- <uses-permission android:name="com.android.launcher.permission.WRITE_SETTINGS"/> -->
21    <!-- <uses-permission android:name="com.android.launcher.permission.INSTALL_SHORTCUT" /> -->
22    <!-- <uses-permission android:name="com.android.launcher.permission.UNINSTALL_SHORTCUT" /> -->
23    <!-- for Samsung -->
24    <uses-permission android:name="com.sec.android.provider.badge.permission.READ" />
24-->[me.leolin:ShortcutBadger:1.1.22] AndroidManifest.xml:19:5-86
24-->[me.leolin:ShortcutBadger:1.1.22] AndroidManifest.xml:19:22-83
25    <uses-permission android:name="com.sec.android.provider.badge.permission.WRITE" /> <!-- for htc -->
25-->[me.leolin:ShortcutBadger:1.1.22] AndroidManifest.xml:20:5-87
25-->[me.leolin:ShortcutBadger:1.1.22] AndroidManifest.xml:20:22-84
26    <uses-permission android:name="com.htc.launcher.permission.READ_SETTINGS" />
26-->[me.leolin:ShortcutBadger:1.1.22] AndroidManifest.xml:23:5-81
26-->[me.leolin:ShortcutBadger:1.1.22] AndroidManifest.xml:23:22-78
27    <uses-permission android:name="com.htc.launcher.permission.UPDATE_SHORTCUT" /> <!-- for sony -->
27-->[me.leolin:ShortcutBadger:1.1.22] AndroidManifest.xml:24:5-83
27-->[me.leolin:ShortcutBadger:1.1.22] AndroidManifest.xml:24:22-80
28    <uses-permission android:name="com.sonyericsson.home.permission.BROADCAST_BADGE" />
28-->[me.leolin:ShortcutBadger:1.1.22] AndroidManifest.xml:27:5-88
28-->[me.leolin:ShortcutBadger:1.1.22] AndroidManifest.xml:27:22-85
29    <uses-permission android:name="com.sonymobile.home.permission.PROVIDER_INSERT_BADGE" /> <!-- for apex -->
29-->[me.leolin:ShortcutBadger:1.1.22] AndroidManifest.xml:28:5-92
29-->[me.leolin:ShortcutBadger:1.1.22] AndroidManifest.xml:28:22-89
30    <uses-permission android:name="com.anddoes.launcher.permission.UPDATE_COUNT" /> <!-- for solid -->
30-->[me.leolin:ShortcutBadger:1.1.22] AndroidManifest.xml:31:5-84
30-->[me.leolin:ShortcutBadger:1.1.22] AndroidManifest.xml:31:22-81
31    <uses-permission android:name="com.majeur.launcher.permission.UPDATE_BADGE" /> <!-- for huawei -->
31-->[me.leolin:ShortcutBadger:1.1.22] AndroidManifest.xml:34:5-83
31-->[me.leolin:ShortcutBadger:1.1.22] AndroidManifest.xml:34:22-80
32    <uses-permission android:name="com.huawei.android.launcher.permission.CHANGE_BADGE" />
32-->[me.leolin:ShortcutBadger:1.1.22] AndroidManifest.xml:37:5-91
32-->[me.leolin:ShortcutBadger:1.1.22] AndroidManifest.xml:37:22-88
33    <uses-permission android:name="com.huawei.android.launcher.permission.READ_SETTINGS" />
33-->[me.leolin:ShortcutBadger:1.1.22] AndroidManifest.xml:38:5-92
33-->[me.leolin:ShortcutBadger:1.1.22] AndroidManifest.xml:38:22-89
34    <uses-permission android:name="com.huawei.android.launcher.permission.WRITE_SETTINGS" /> <!-- for ZUK -->
34-->[me.leolin:ShortcutBadger:1.1.22] AndroidManifest.xml:39:5-93
34-->[me.leolin:ShortcutBadger:1.1.22] AndroidManifest.xml:39:22-90
35    <uses-permission android:name="android.permission.READ_APP_BADGE" /> <!-- for OPPO -->
35-->[me.leolin:ShortcutBadger:1.1.22] AndroidManifest.xml:42:5-73
35-->[me.leolin:ShortcutBadger:1.1.22] AndroidManifest.xml:42:22-70
36    <uses-permission android:name="com.oppo.launcher.permission.READ_SETTINGS" />
36-->[me.leolin:ShortcutBadger:1.1.22] AndroidManifest.xml:45:5-82
36-->[me.leolin:ShortcutBadger:1.1.22] AndroidManifest.xml:45:22-79
37    <uses-permission android:name="com.oppo.launcher.permission.WRITE_SETTINGS" /> <!-- for EvMe -->
37-->[me.leolin:ShortcutBadger:1.1.22] AndroidManifest.xml:46:5-83
37-->[me.leolin:ShortcutBadger:1.1.22] AndroidManifest.xml:46:22-80
38    <uses-permission android:name="me.everything.badger.permission.BADGE_COUNT_READ" />
38-->[me.leolin:ShortcutBadger:1.1.22] AndroidManifest.xml:49:5-88
38-->[me.leolin:ShortcutBadger:1.1.22] AndroidManifest.xml:49:22-85
39    <uses-permission android:name="me.everything.badger.permission.BADGE_COUNT_WRITE" />
39-->[me.leolin:ShortcutBadger:1.1.22] AndroidManifest.xml:50:5-89
39-->[me.leolin:ShortcutBadger:1.1.22] AndroidManifest.xml:50:22-86
40
41    <application
41-->src/main/AndroidManifest.xml:7:5-25:19
42        android:name="com.linechart.MainApplication"
42-->src/main/AndroidManifest.xml:8:7-38
43        android:allowBackup="false"
43-->src/main/AndroidManifest.xml:12:7-34
44        android:appComponentFactory="androidx.core.app.CoreComponentFactory"
44-->[androidx.core:core:1.1.0] AndroidManifest.xml:24:18-86
45        android:debuggable="true"
46        android:icon="@mipmap/ic_launcher"
46-->src/main/AndroidManifest.xml:10:7-41
47        android:label="@string/app_name"
47-->src/main/AndroidManifest.xml:9:7-39
48        android:roundIcon="@mipmap/ic_launcher_round"
48-->src/main/AndroidManifest.xml:11:7-52
49        android:theme="@style/AppTheme"
49-->src/main/AndroidManifest.xml:13:7-38
50        android:usesCleartextTraffic="true" >
50-->src/debug/AndroidManifest.xml:8:9-44
51        <activity android:name="com.facebook.react.devsupport.DevSettingsActivity" />
51-->src/debug/AndroidManifest.xml:11:9-86
51-->src/debug/AndroidManifest.xml:11:19-83
52        <activity
52-->src/main/AndroidManifest.xml:14:7-24:18
53            android:name="com.linechart.MainActivity"
53-->src/main/AndroidManifest.xml:15:9-37
54            android:configChanges="keyboard|keyboardHidden|orientation|screenSize|uiMode"
54-->src/main/AndroidManifest.xml:17:9-86
55            android:label="@string/app_name"
55-->src/main/AndroidManifest.xml:16:9-41
56            android:launchMode="singleTask"
56-->src/main/AndroidManifest.xml:18:9-40
57            android:windowSoftInputMode="adjustResize" >
57-->src/main/AndroidManifest.xml:19:9-51
58            <intent-filter>
58-->src/main/AndroidManifest.xml:20:9-23:25
59                <action android:name="android.intent.action.MAIN" />
59-->src/main/AndroidManifest.xml:21:13-65
59-->src/main/AndroidManifest.xml:21:21-62
60
61                <category android:name="android.intent.category.LAUNCHER" />
61-->src/main/AndroidManifest.xml:22:13-73
61-->src/main/AndroidManifest.xml:22:23-70
62            </intent-filter>
63        </activity>
64
65        <provider
65-->[:react-native-webview] AndroidManifest.xml:12:9-20:20
66            android:name="com.reactnativecommunity.webview.RNCWebViewFileProvider"
66-->[:react-native-webview] AndroidManifest.xml:13:13-83
67            android:authorities="com.linechart.fileprovider"
67-->[:react-native-webview] AndroidManifest.xml:14:13-64
68            android:exported="false"
68-->[:react-native-webview] AndroidManifest.xml:15:13-37
69            android:grantUriPermissions="true" >
69-->[:react-native-webview] AndroidManifest.xml:16:13-47
70            <meta-data
70-->[:react-native-webview] AndroidManifest.xml:17:13-19:63
71                android:name="android.support.FILE_PROVIDER_PATHS"
71-->[:react-native-webview] AndroidManifest.xml:18:17-67
72                android:resource="@xml/file_provider_paths" />
72-->[:react-native-webview] AndroidManifest.xml:19:17-60
73        </provider>
74
75        <receiver
75-->[com.google.firebase:firebase-messaging:21.1.0] AndroidManifest.xml:28:9-35:20
76            android:name="com.google.firebase.iid.FirebaseInstanceIdReceiver"
76-->[com.google.firebase:firebase-messaging:21.1.0] AndroidManifest.xml:29:13-78
77            android:exported="true"
77-->[com.google.firebase:firebase-messaging:21.1.0] AndroidManifest.xml:30:13-36
78            android:permission="com.google.android.c2dm.permission.SEND" >
78-->[com.google.firebase:firebase-messaging:21.1.0] AndroidManifest.xml:31:13-73
79            <intent-filter>
79-->[com.google.firebase:firebase-messaging:21.1.0] AndroidManifest.xml:32:13-34:29
80                <action android:name="com.google.android.c2dm.intent.RECEIVE" />
80-->[com.google.firebase:firebase-messaging:21.1.0] AndroidManifest.xml:33:17-81
80-->[com.google.firebase:firebase-messaging:21.1.0] AndroidManifest.xml:33:25-78
81            </intent-filter>
82        </receiver>
83        <!--
84             FirebaseMessagingService performs security checks at runtime,
85             but set to not exported to explicitly avoid allowing another app to call it.
86        -->
87        <service
87-->[com.google.firebase:firebase-messaging:21.1.0] AndroidManifest.xml:41:9-48:19
88            android:name="com.google.firebase.messaging.FirebaseMessagingService"
88-->[com.google.firebase:firebase-messaging:21.1.0] AndroidManifest.xml:42:13-82
89            android:directBootAware="true"
89-->[com.google.firebase:firebase-messaging:21.1.0] AndroidManifest.xml:43:13-43
90            android:exported="false" >
90-->[com.google.firebase:firebase-messaging:21.1.0] AndroidManifest.xml:44:13-37
91            <intent-filter android:priority="-500" >
91-->[com.google.firebase:firebase-messaging:21.1.0] AndroidManifest.xml:45:13-47:29
91-->[com.google.firebase:firebase-messaging:21.1.0] AndroidManifest.xml:45:28-51
92                <action android:name="com.google.firebase.MESSAGING_EVENT" />
92-->[com.google.firebase:firebase-messaging:21.1.0] AndroidManifest.xml:46:17-78
92-->[com.google.firebase:firebase-messaging:21.1.0] AndroidManifest.xml:46:25-75
93            </intent-filter>
94        </service>
95        <service
95-->[com.google.firebase:firebase-messaging:21.1.0] AndroidManifest.xml:49:9-55:19
96            android:name="com.google.firebase.components.ComponentDiscoveryService"
96-->[com.google.firebase:firebase-messaging:21.1.0] AndroidManifest.xml:50:13-84
97            android:directBootAware="true"
97-->[com.google.firebase:firebase-common:19.5.0] AndroidManifest.xml:35:13-43
98            android:exported="false" >
98-->[com.google.firebase:firebase-messaging:21.1.0] AndroidManifest.xml:51:13-37
99            <meta-data
99-->[com.google.firebase:firebase-messaging:21.1.0] AndroidManifest.xml:52:13-54:85
100                android:name="com.google.firebase.components:com.google.firebase.messaging.FirebaseMessagingRegistrar"
100-->[com.google.firebase:firebase-messaging:21.1.0] AndroidManifest.xml:53:17-119
101                android:value="com.google.firebase.components.ComponentRegistrar" />
101-->[com.google.firebase:firebase-messaging:21.1.0] AndroidManifest.xml:54:17-82
102            <meta-data
102-->[com.google.firebase:firebase-datatransport:17.0.10] AndroidManifest.xml:28:13-30:85
103                android:name="com.google.firebase.components:com.google.firebase.datatransport.TransportRegistrar"
103-->[com.google.firebase:firebase-datatransport:17.0.10] AndroidManifest.xml:29:17-115
104                android:value="com.google.firebase.components.ComponentRegistrar" />
104-->[com.google.firebase:firebase-datatransport:17.0.10] AndroidManifest.xml:30:17-82
105            <meta-data
105-->[com.google.firebase:firebase-iid:21.1.0] AndroidManifest.xml:32:13-34:85
106                android:name="com.google.firebase.components:com.google.firebase.iid.Registrar"
106-->[com.google.firebase:firebase-iid:21.1.0] AndroidManifest.xml:33:17-96
107                android:value="com.google.firebase.components.ComponentRegistrar" />
107-->[com.google.firebase:firebase-iid:21.1.0] AndroidManifest.xml:34:17-82
108            <meta-data
108-->[com.google.firebase:firebase-installations:16.3.5] AndroidManifest.xml:18:13-20:85
109                android:name="com.google.firebase.components:com.google.firebase.installations.FirebaseInstallationsRegistrar"
109-->[com.google.firebase:firebase-installations:16.3.5] AndroidManifest.xml:19:17-127
110                android:value="com.google.firebase.components.ComponentRegistrar" />
110-->[com.google.firebase:firebase-installations:16.3.5] AndroidManifest.xml:20:17-82
111            <!--
112                This registrar is not defined in the dynamic-module-support sdk itself to allow non-firebase
113                clients to use it as well, by defining this registrar in their own core/common library.
114            -->
115            <meta-data
115-->[com.google.firebase:firebase-common:19.5.0] AndroidManifest.xml:43:13-45:85
116                android:name="com.google.firebase.components:com.google.firebase.dynamicloading.DynamicLoadingRegistrar"
116-->[com.google.firebase:firebase-common:19.5.0] AndroidManifest.xml:44:17-121
117                android:value="com.google.firebase.components.ComponentRegistrar" />
117-->[com.google.firebase:firebase-common:19.5.0] AndroidManifest.xml:45:17-82
118        </service>
119        <service
119-->[com.google.android.datatransport:transport-backend-cct:2.3.3] AndroidManifest.xml:29:9-35:19
120            android:name="com.google.android.datatransport.runtime.backends.TransportBackendDiscovery"
120-->[com.google.android.datatransport:transport-backend-cct:2.3.3] AndroidManifest.xml:30:13-103
121            android:exported="false" >
121-->[com.google.android.datatransport:transport-backend-cct:2.3.3] AndroidManifest.xml:31:13-37
122            <meta-data
122-->[com.google.android.datatransport:transport-backend-cct:2.3.3] AndroidManifest.xml:32:13-34:39
123                android:name="backend:com.google.android.datatransport.cct.CctBackendFactory"
123-->[com.google.android.datatransport:transport-backend-cct:2.3.3] AndroidManifest.xml:33:17-94
124                android:value="cct" />
124-->[com.google.android.datatransport:transport-backend-cct:2.3.3] AndroidManifest.xml:34:17-36
125        </service>
126        <service
126-->[com.google.android.datatransport:transport-runtime:2.2.5] AndroidManifest.xml:26:9-30:19
127            android:name="com.google.android.datatransport.runtime.scheduling.jobscheduling.JobInfoSchedulerService"
127-->[com.google.android.datatransport:transport-runtime:2.2.5] AndroidManifest.xml:27:13-117
128            android:exported="false"
128-->[com.google.android.datatransport:transport-runtime:2.2.5] AndroidManifest.xml:28:13-37
129            android:permission="android.permission.BIND_JOB_SERVICE" >
129-->[com.google.android.datatransport:transport-runtime:2.2.5] AndroidManifest.xml:29:13-69
130        </service>
131
132        <receiver
132-->[com.google.android.datatransport:transport-runtime:2.2.5] AndroidManifest.xml:32:9-34:40
133            android:name="com.google.android.datatransport.runtime.scheduling.jobscheduling.AlarmManagerSchedulerBroadcastReceiver"
133-->[com.google.android.datatransport:transport-runtime:2.2.5] AndroidManifest.xml:33:13-132
134            android:exported="false" />
134-->[com.google.android.datatransport:transport-runtime:2.2.5] AndroidManifest.xml:34:13-37
135
136        <provider
136-->[com.google.firebase:firebase-common:19.5.0] AndroidManifest.xml:26:9-31:39
137            android:name="com.google.firebase.provider.FirebaseInitProvider"
137-->[com.google.firebase:firebase-common:19.5.0] AndroidManifest.xml:27:13-77
138            android:authorities="com.linechart.firebaseinitprovider"
138-->[com.google.firebase:firebase-common:19.5.0] AndroidManifest.xml:28:13-72
139            android:directBootAware="true"
139-->[com.google.firebase:firebase-common:19.5.0] AndroidManifest.xml:29:13-43
140            android:exported="false"
140-->[com.google.firebase:firebase-common:19.5.0] AndroidManifest.xml:30:13-37
141            android:initOrder="100" />
141-->[com.google.firebase:firebase-common:19.5.0] AndroidManifest.xml:31:13-36
142
143        <meta-data
143-->[com.google.android.gms:play-services-basement:17.0.0] AndroidManifest.xml:23:9-25:69
144            android:name="com.google.android.gms.version"
144-->[com.google.android.gms:play-services-basement:17.0.0] AndroidManifest.xml:24:13-58
145            android:value="@integer/google_play_services_version" />
145-->[com.google.android.gms:play-services-basement:17.0.0] AndroidManifest.xml:25:13-66
146    </application>
147
148</manifest>